<?xml version="1.0" encoding="UTF-8"?>
<!-- Generated by org.testng.reporters.JUnitReportReporter -->
<testsuite hostname="office-PC" name="Practices.groupsScript1" tests="2" failures="0" timestamp="19 Jul 2016 18:08:06 GMT" time="0.017" errors="0">
  <testcase name="editUser" time="0.004" classname="Practices.groupsScript1"/>
  <testcase name="createUser" time="0.013" classname="Practices.groupsScript1"/>
</testsuite> <!-- Practices.groupsScript1 -->
