<?xml version="1.0" encoding="UTF-8"?>
<!-- Generated by org.testng.reporters.JUnitReportReporter -->
<testsuite hostname="office-PC" name="Practices.log4jDemo" tests="1" failures="0" timestamp="20 Jul 2016 19:08:39 GMT" time="0.123" errors="0">
  <testcase name="testDemo" time="0.123" classname="Practices.log4jDemo"/>
</testsuite> <!-- Practices.log4jDemo -->
