<?xml version="1.0" encoding="UTF-8"?>
<!-- Generated by org.testng.reporters.JUnitReportReporter -->
<testsuite hostname="office-PC" name="scripts.ValidLoginLogout" tests="2" failures="0" timestamp="20 Jul 2016 17:48:09 GMT" time="81.662" errors="0">
  <testcase name="testValidLoginLogout" time="64.150" classname="scripts.ValidLoginLogout"/>
  <testcase name="testValidLoginLogout" time="17.512" classname="scripts.ValidLoginLogout"/>
</testsuite> <!-- scripts.ValidLoginLogout -->
