<?xml version="1.0" encoding="UTF-8"?>
<!-- Generated by org.testng.reporters.JUnitReportReporter -->
<testsuite hostname="Chase-PC" name="ErrorMsgs.toVerifyErrormsgsbyAssert" tests="1" failures="0" timestamp="2 Jul 2016 02:25:25 GMT" time="49.525" errors="1">
  <testcase name="myTest" time="49.525" classname="ErrorMsgs.toVerifyErrormsgsbyAssert">
    <error type="org.openqa.selenium.WebDriverException" message="Failed to connect to binary FirefoxBinary(C:\Program Files\Mozilla Firefox\firefox.exe) on port 7055; process output follows: 
utURL&quot;:null,&quot;icons&quot;:{},&quot;iconURL&quot;:&quot;chrome://sp/content/common/skin/img/logo-safeprice-48.png&quot;,&quot;icon64URL&quot;:null,&quot;defaultLocale&quot;:{&quot;name&quot;:&quot;Avast SafePrice&quot;,&quot;description&quot;:&quot;Safe shopping extension&quot;,&quot;creator&quot;:&quot;AVAST Software&quot;,&quot;homepageURL&quot;:&quot;http://www.avast.com/&quot;},&quot;visible&quot;:true,&quot;active&quot;:false,&quot;userDisabled&quot;:true,&quot;appDisabled&quot;:false,&quot;descriptor&quot;:&quot;C:\\Program Files\\AVAST Software\\Avast\\SafePrice\\FF&quot;,&quot;installDate&quot;:1464547452789,&quot;updateDate&quot;:1464547452789,&quot;applyBackgroundUpdates&quot;:1,&quot;bootstrap&quot;:true,&quot;skinnable&quot;:false,&quot;size&quot;:1877359,&quot;sourceURI&quot;:null,&quot;releaseNotesURI&quot;:null,&quot;softDisabled&quot;:false,&quot;foreignInstall&quot;:true,&quot;hasBinaryComponents&quot;:false,&quot;strictCompatibility&quot;:false,&quot;locales&quot;:[],&quot;targetApplications&quot;:[{&quot;id&quot;:&quot;{ec8030f7-c20a-464f-9b0e-13a3a9e97384}&quot;,&quot;minVersion&quot;:&quot;38.0a1&quot;,&quot;maxVersion&quot;:&quot;43.0&quot;}],&quot;targetPlatforms&quot;:[],&quot;multiprocessCompatible&quot;:false,&quot;signedState&quot;:2,&quot;seen&quot;:true}
1467426287506	DeferredSave.extensions.json	DEBUG	Save changes
1467426287506	addons.xpi	DEBUG	Updating database with changes to installed add-ons
1467426287506	addons.xpi-utils	DEBUG	Updating add-on states
1467426287507	addons.xpi-utils	DEBUG	Writing add-ons list
1467426287510	addons.xpi	DEBUG	Registering manifest for C:\Program Files\Mozilla Firefox\browser\features\e10srollout@mozilla.org.xpi
1467426287510	addons.xpi	DEBUG	Calling bootstrap method startup on e10srollout@mozilla.org version 1.0
1467426287511	addons.xpi	DEBUG	Registering manifest for C:\Program Files\Mozilla Firefox\browser\features\firefox@getpocket.com.xpi
1467426287511	addons.xpi	DEBUG	Calling bootstrap method startup on firefox@getpocket.com version 1.0
1467426287512	addons.xpi	DEBUG	Registering manifest for C:\Program Files\Mozilla Firefox\browser\features\loop@mozilla.org.xpi
1467426287513	addons.xpi	DEBUG	Calling bootstrap method startup on loop@mozilla.org version 1.2.6
1467426287598	addons.manager	DEBUG	Registering shutdown blocker for XPIProvider
1467426287598	addons.manager	DEBUG	Provider finished startup: XPIProvider
1467426287598	addons.manager	DEBUG	Starting provider: LightweightThemeManager
1467426287598	addons.manager	DEBUG	Registering shutdown blocker for LightweightThemeManager
1467426287598	addons.manager	DEBUG	Provider finished startup: LightweightThemeManager
1467426287599	addons.manager	DEBUG	Starting provider: GMPProvider
1467426287605	addons.manager	DEBUG	Registering shutdown blocker for GMPProvider
1467426287606	addons.manager	DEBUG	Provider finished startup: GMPProvider
1467426287606	addons.manager	DEBUG	Starting provider: PluginProvider
1467426287606	addons.manager	DEBUG	Registering shutdown blocker for PluginProvider
1467426287606	addons.manager	DEBUG	Provider finished startup: PluginProvider
1467426287606	addons.manager	DEBUG	Completed startup sequence
1467426293879	DeferredSave.extensions.json	DEBUG	Starting timer
1467426293910	addons.manager	DEBUG	Starting provider: &lt;unnamed-provider&gt;
1467426293910	addons.manager	DEBUG	Registering shutdown blocker for &lt;unnamed-provider&gt;
1467426293910	addons.manager	DEBUG	Provider finished startup: &lt;unnamed-provider&gt;
1467426295092	DeferredSave.extensions.json	DEBUG	Starting write
1467426295689	addons.repository	DEBUG	No addons.json found.
1467426295689	DeferredSave.addons.json	DEBUG	Save changes
1467426295701	DeferredSave.addons.json	DEBUG	Starting timer
1467426296345	addons.manager	DEBUG	Starting provider: PreviousExperimentProvider
1467426296345	addons.manager	DEBUG	Registering shutdown blocker for PreviousExperimentProvider
1467426296345	addons.manager	DEBUG	Provider finished startup: PreviousExperimentProvider
1467426296353	DeferredSave.addons.json	DEBUG	Starting write
1467426296404	DeferredSave.extensions.json	DEBUG	Write succeeded
1467426296973	DeferredSave.addons.json	DEBUG	Write succeeded
JavaScript error: chrome://fxdriver/content/server.js, line 61: uncaught exception: [object Object]
JavaScript error: chrome://fxdriver/content/server.js, line 61: NS_ERROR_XPC_CI_RETURNED_FAILURE: Component returned failure code: 0x80570015 (NS_ERROR_XPC_CI_RETURNED_FAILURE) [nsIJSCID.createInstance]

Build info: version: &#039;2.53.0&#039;, revision: &#039;35ae25b&#039;, time: &#039;2016-03-15 17:00:58&#039;
System info: host: &#039;Chase-PC&#039;, ip: &#039;192.168.0.105&#039;, os.name: &#039;Windows 7&#039;, os.arch: &#039;amd64&#039;, os.version: &#039;6.1&#039;, java.version: &#039;1.7.0_79&#039;
Driver info: driver.version: FirefoxDriver">
      <![CDATA[org.openqa.selenium.WebDriverException: Failed to connect to binary FirefoxBinary(C:\Program Files\Mozilla Firefox\firefox.exe) on port 7055; process output follows: 
utURL":null,"icons":{},"iconURL":"chrome://sp/content/common/skin/img/logo-safeprice-48.png","icon64URL":null,"defaultLocale":{"name":"Avast SafePrice","description":"Safe shopping extension","creator":"AVAST Software","homepageURL":"http://www.avast.com/"},"visible":true,"active":false,"userDisabled":true,"appDisabled":false,"descriptor":"C:\\Program Files\\AVAST Software\\Avast\\SafePrice\\FF","installDate":1464547452789,"updateDate":1464547452789,"applyBackgroundUpdates":1,"bootstrap":true,"skinnable":false,"size":1877359,"sourceURI":null,"releaseNotesURI":null,"softDisabled":false,"foreignInstall":true,"hasBinaryComponents":false,"strictCompatibility":false,"locales":[],"targetApplications":[{"id":"{ec8030f7-c20a-464f-9b0e-13a3a9e97384}","minVersion":"38.0a1","maxVersion":"43.0"}],"targetPlatforms":[],"multiprocessCompatible":false,"signedState":2,"seen":true}
1467426287506	DeferredSave.extensions.json	DEBUG	Save changes
1467426287506	addons.xpi	DEBUG	Updating database with changes to installed add-ons
1467426287506	addons.xpi-utils	DEBUG	Updating add-on states
1467426287507	addons.xpi-utils	DEBUG	Writing add-ons list
1467426287510	addons.xpi	DEBUG	Registering manifest for C:\Program Files\Mozilla Firefox\browser\features\e10srollout@mozilla.org.xpi
1467426287510	addons.xpi	DEBUG	Calling bootstrap method startup on e10srollout@mozilla.org version 1.0
1467426287511	addons.xpi	DEBUG	Registering manifest for C:\Program Files\Mozilla Firefox\browser\features\firefox@getpocket.com.xpi
1467426287511	addons.xpi	DEBUG	Calling bootstrap method startup on firefox@getpocket.com version 1.0
1467426287512	addons.xpi	DEBUG	Registering manifest for C:\Program Files\Mozilla Firefox\browser\features\loop@mozilla.org.xpi
1467426287513	addons.xpi	DEBUG	Calling bootstrap method startup on loop@mozilla.org version 1.2.6
1467426287598	addons.manager	DEBUG	Registering shutdown blocker for XPIProvider
1467426287598	addons.manager	DEBUG	Provider finished startup: XPIProvider
1467426287598	addons.manager	DEBUG	Starting provider: LightweightThemeManager
1467426287598	addons.manager	DEBUG	Registering shutdown blocker for LightweightThemeManager
1467426287598	addons.manager	DEBUG	Provider finished startup: LightweightThemeManager
1467426287599	addons.manager	DEBUG	Starting provider: GMPProvider
1467426287605	addons.manager	DEBUG	Registering shutdown blocker for GMPProvider
1467426287606	addons.manager	DEBUG	Provider finished startup: GMPProvider
1467426287606	addons.manager	DEBUG	Starting provider: PluginProvider
1467426287606	addons.manager	DEBUG	Registering shutdown blocker for PluginProvider
1467426287606	addons.manager	DEBUG	Provider finished startup: PluginProvider
1467426287606	addons.manager	DEBUG	Completed startup sequence
1467426293879	DeferredSave.extensions.json	DEBUG	Starting timer
1467426293910	addons.manager	DEBUG	Starting provider: <unnamed-provider>
1467426293910	addons.manager	DEBUG	Registering shutdown blocker for <unnamed-provider>
1467426293910	addons.manager	DEBUG	Provider finished startup: <unnamed-provider>
1467426295092	DeferredSave.extensions.json	DEBUG	Starting write
1467426295689	addons.repository	DEBUG	No addons.json found.
1467426295689	DeferredSave.addons.json	DEBUG	Save changes
1467426295701	DeferredSave.addons.json	DEBUG	Starting timer
1467426296345	addons.manager	DEBUG	Starting provider: PreviousExperimentProvider
1467426296345	addons.manager	DEBUG	Registering shutdown blocker for PreviousExperimentProvider
1467426296345	addons.manager	DEBUG	Provider finished startup: PreviousExperimentProvider
1467426296353	DeferredSave.addons.json	DEBUG	Starting write
1467426296404	DeferredSave.extensions.json	DEBUG	Write succeeded
1467426296973	DeferredSave.addons.json	DEBUG	Write succeeded
JavaScript error: chrome://fxdriver/content/server.js, line 61: uncaught exception: [object Object]
JavaScript error: chrome://fxdriver/content/server.js, line 61: NS_ERROR_XPC_CI_RETURNED_FAILURE: Component returned failure code: 0x80570015 (NS_ERROR_XPC_CI_RETURNED_FAILURE) [nsIJSCID.createInstance]

Build info: version: '2.53.0', revision: '35ae25b', time: '2016-03-15 17:00:58'
System info: host: 'Chase-PC', ip: '192.168.0.105', os.name: 'Windows 7', os.arch: 'amd64', os.version: '6.1', java.version: '1.7.0_79'
Driver info: driver.version: FirefoxDriver
	at org.openqa.selenium.firefox.internal.NewProfileExtensionConnection.start(NewProfileExtensionConnection.java:124)
	at org.openqa.selenium.firefox.FirefoxDriver.startClient(FirefoxDriver.java:271)
	at org.openqa.selenium.remote.RemoteWebDriver.<init>(RemoteWebDriver.java:119)
	at org.openqa.selenium.firefox.FirefoxDriver.<init>(FirefoxDriver.java:218)
	at org.openqa.selenium.firefox.FirefoxDriver.<init>(FirefoxDriver.java:211)
	at org.openqa.selenium.firefox.FirefoxDriver.<init>(FirefoxDriver.java:207)
	at org.openqa.selenium.firefox.FirefoxDriver.<init>(FirefoxDriver.java:120)
	at ErrorMsgs.toVerifyErrormsgsbyAssert.myTest(toVerifyErrormsgsbyAssert.java:19)
	at sun.reflect.NativeMethodAccessorImpl.invoke0(Native Method)
	at sun.reflect.NativeMethodAccessorImpl.invoke(Unknown Source)
	at sun.reflect.DelegatingMethodAccessorImpl.invoke(Unknown Source)
	at java.lang.reflect.Method.invoke(Unknown Source)
	at org.testng.internal.MethodInvocationHelper.invokeMethod(MethodInvocationHelper.java:85)
	at org.testng.internal.Invoker.invokeMethod(Invoker.java:639)
	at org.testng.internal.Invoker.invokeTestMethod(Invoker.java:816)
	at org.testng.internal.Invoker.invokeTestMethods(Invoker.java:1124)
	at org.testng.internal.TestMethodWorker.invokeTestMethods(TestMethodWorker.java:125)
	at org.testng.internal.TestMethodWorker.run(TestMethodWorker.java:108)
	at org.testng.TestRunner.privateRun(TestRunner.java:774)
	at org.testng.TestRunner.run(TestRunner.java:624)
	at org.testng.SuiteRunner.runTest(SuiteRunner.java:359)
	at org.testng.SuiteRunner.runSequentially(SuiteRunner.java:354)
	at org.testng.SuiteRunner.privateRun(SuiteRunner.java:312)
	at org.testng.SuiteRunner.run(SuiteRunner.java:261)
	at org.testng.SuiteRunnerWorker.runSuite(SuiteRunnerWorker.java:52)
	at org.testng.SuiteRunnerWorker.run(SuiteRunnerWorker.java:86)
	at org.testng.TestNG.runSuitesSequentially(TestNG.java:1215)
	at org.testng.TestNG.runSuitesLocally(TestNG.java:1140)
	at org.testng.TestNG.run(TestNG.java:1048)
	at org.testng.remote.AbstractRemoteTestNG.run(AbstractRemoteTestNG.java:126)
	at org.testng.remote.RemoteTestNG.initAndRun(RemoteTestNG.java:137)
	at org.testng.remote.RemoteTestNG.main(RemoteTestNG.java:58)
Caused by: org.openqa.selenium.firefox.NotConnectedException: Unable to connect to host 127.0.0.1 on port 7055 after 45000 ms. Firefox console output:
utURL":null,"icons":{},"iconURL":"chrome://sp/content/common/skin/img/logo-safeprice-48.png","icon64URL":null,"defaultLocale":{"name":"Avast SafePrice","description":"Safe shopping extension","creator":"AVAST Software","homepageURL":"http://www.avast.com/"},"visible":true,"active":false,"userDisabled":true,"appDisabled":false,"descriptor":"C:\\Program Files\\AVAST Software\\Avast\\SafePrice\\FF","installDate":1464547452789,"updateDate":1464547452789,"applyBackgroundUpdates":1,"bootstrap":true,"skinnable":false,"size":1877359,"sourceURI":null,"releaseNotesURI":null,"softDisabled":false,"foreignInstall":true,"hasBinaryComponents":false,"strictCompatibility":false,"locales":[],"targetApplications":[{"id":"{ec8030f7-c20a-464f-9b0e-13a3a9e97384}","minVersion":"38.0a1","maxVersion":"43.0"}],"targetPlatforms":[],"multiprocessCompatible":false,"signedState":2,"seen":true}
1467426287506	DeferredSave.extensions.json	DEBUG	Save changes
1467426287506	addons.xpi	DEBUG	Updating database with changes to installed add-ons
1467426287506	addons.xpi-utils	DEBUG	Updating add-on states
1467426287507	addons.xpi-utils	DEBUG	Writing add-ons list
1467426287510	addons.xpi	DEBUG	Registering manifest for C:\Program Files\Mozilla Firefox\browser\features\e10srollout@mozilla.org.xpi
1467426287510	addons.xpi	DEBUG	Calling bootstrap method startup on e10srollout@mozilla.org version 1.0
1467426287511	addons.xpi	DEBUG	Registering manifest for C:\Program Files\Mozilla Firefox\browser\features\firefox@getpocket.com.xpi
1467426287511	addons.xpi	DEBUG	Calling bootstrap method startup on firefox@getpocket.com version 1.0
1467426287512	addons.xpi	DEBUG	Registering manifest for C:\Program Files\Mozilla Firefox\browser\features\loop@mozilla.org.xpi
1467426287513	addons.xpi	DEBUG	Calling bootstrap method startup on loop@mozilla.org version 1.2.6
1467426287598	addons.manager	DEBUG	Registering shutdown blocker for XPIProvider
1467426287598	addons.manager	DEBUG	Provider finished startup: XPIProvider
1467426287598	addons.manager	DEBUG	Starting provider: LightweightThemeManager
1467426287598	addons.manager	DEBUG	Registering shutdown blocker for LightweightThemeManager
1467426287598	addons.manager	DEBUG	Provider finished startup: LightweightThemeManager
1467426287599	addons.manager	DEBUG	Starting provider: GMPProvider
1467426287605	addons.manager	DEBUG	Registering shutdown blocker for GMPProvider
1467426287606	addons.manager	DEBUG	Provider finished startup: GMPProvider
1467426287606	addons.manager	DEBUG	Starting provider: PluginProvider
1467426287606	addons.manager	DEBUG	Registering shutdown blocker for PluginProvider
1467426287606	addons.manager	DEBUG	Provider finished startup: PluginProvider
1467426287606	addons.manager	DEBUG	Completed startup sequence
1467426293879	DeferredSave.extensions.json	DEBUG	Starting timer
1467426293910	addons.manager	DEBUG	Starting provider: <unnamed-provider>
1467426293910	addons.manager	DEBUG	Registering shutdown blocker for <unnamed-provider>
1467426293910	addons.manager	DEBUG	Provider finished startup: <unnamed-provider>
1467426295092	DeferredSave.extensions.json	DEBUG	Starting write
1467426295689	addons.repository	DEBUG	No addons.json found.
1467426295689	DeferredSave.addons.json	DEBUG	Save changes
1467426295701	DeferredSave.addons.json	DEBUG	Starting timer
1467426296345	addons.manager	DEBUG	Starting provider: PreviousExperimentProvider
1467426296345	addons.manager	DEBUG	Registering shutdown blocker for PreviousExperimentProvider
1467426296345	addons.manager	DEBUG	Provider finished startup: PreviousExperimentProvider
1467426296353	DeferredSave.addons.json	DEBUG	Starting write
1467426296404	DeferredSave.extensions.json	DEBUG	Write succeeded
1467426296973	DeferredSave.addons.json	DEBUG	Write succeeded
JavaScript error: chrome://fxdriver/content/server.js, line 61: uncaught exception: [object Object]
JavaScript error: chrome://fxdriver/content/server.js, line 61: NS_ERROR_XPC_CI_RETURNED_FAILURE: Component returned failure code: 0x80570015 (NS_ERROR_XPC_CI_RETURNED_FAILURE) [nsIJSCID.createInstance]

	at org.openqa.selenium.firefox.internal.NewProfileExtensionConnection.start(NewProfileExtensionConnection.java:112)
	... 31 more
]]>
    </error>
  </testcase> <!-- myTest -->
</testsuite> <!-- ErrorMsgs.toVerifyErrormsgsbyAssert -->
