<?xml version="1.0" encoding="UTF-8"?>
<!-- Generated by org.testng.reporters.JUnitReportReporter -->
<testsuite hostname="Chase-PC" name="ErrorMsgs.handlecertificatesnosecurity" tests="1" failures="0" timestamp="2 Jul 2016 05:18:08 GMT" time="20.232" errors="0">
  <testcase name="handlecertificate" time="20.232" classname="ErrorMsgs.handlecertificatesnosecurity"/>
</testsuite> <!-- ErrorMsgs.handlecertificatesnosecurity -->
