<?xml version="1.0" encoding="UTF-8"?>
<!-- Generated by org.testng.reporters.JUnitReportReporter -->
<testsuite hostname="office-PC" name="Excel.readnumericDatafromExcel" tests="1" failures="0" timestamp="24 Oct 2016 11:53:15 GMT" time="0.580" errors="0">
  <testcase name="test1" time="0.580" classname="Excel.readnumericDatafromExcel"/>
</testsuite> <!-- Excel.readnumericDatafromExcel -->
