<?xml version="1.0" encoding="UTF-8"?>
<!-- Generated by org.testng.reporters.JUnitReportReporter -->
<testsuite hostname="office-PC" name="scriptsbyusingparameters.ValidLoginLogout" tests="2" failures="0" timestamp="10 Jul 2016 17:25:02 GMT" time="47.352" errors="0">
  <testcase name="testValidLoginLogout" time="23.979" classname="scriptsbyusingparameters.ValidLoginLogout"/>
  <testcase name="testValidLoginLogout" time="23.373" classname="scriptsbyusingparameters.ValidLoginLogout"/>
</testsuite> <!-- scriptsbyusingparameters.ValidLoginLogout -->
