<?xml version="1.0" encoding="UTF-8"?>
<!-- Generated by org.testng.reporters.JUnitReportReporter -->
<testsuite hostname="office-PC" name="scriptsbyusingparameters.VerifyAboutPopup" tests="1" failures="0" timestamp="10 Jul 2016 19:52:57 GMT" time="19.058" errors="0">
  <testcase name="testVerifyAboutPopup" time="19.058" classname="scriptsbyusingparameters.VerifyAboutPopup"/>
</testsuite> <!-- scriptsbyusingparameters.VerifyAboutPopup -->
