<?xml version="1.0" encoding="UTF-8"?>
<!-- Generated by org.testng.reporters.JUnitReportReporter -->
<testsuite hostname="office-PC" name="scriptsbyusingparameters.InvalidLogin" tests="2" failures="0" timestamp="10 Jul 2016 17:25:02 GMT" time="55.211" errors="0">
  <testcase name="testInvalidLogin" time="24.198" classname="scriptsbyusingparameters.InvalidLogin"/>
  <testcase name="testInvalidLogin" time="31.013" classname="scriptsbyusingparameters.InvalidLogin"/>
</testsuite> <!-- scriptsbyusingparameters.InvalidLogin -->
